TN:
SF:src\engine\audioEngine.ts
FN:22,colorToFrequency
FN:37,makeDistortionCurve
FN:50,(anonymous_2)
FN:78,lightnessToFilterCutoff
FN:87,shapeTypeToWave
FN:124,getAudioContext
FN:143,getPulseWave
FN:161,createNoiseBuffer
FN:174,evalCurveAtBeat
FN:177,(anonymous_9)
FN:178,(anonymous_10)
FN:203,createVoice
FN:304,updateVoiceColor
FN:334,updateVoiceSize
FN:346,getVoiceAnalyser
FN:358,setVoiceDistortionBypass
FN:373,initAudioEngine
FN:376,(anonymous_17)
FN:378,(anonymous_18)
FN:417,(anonymous_19)
FN:450,(anonymous_20)
FN:472,(anonymous_21)
FN:511,(anonymous_22)
FN:523,(anonymous_23)
FN:551,destroy
FN:556,(anonymous_25)
FNF:26
FNH:10
FNDA:9,colorToFrequency
FNDA:11,makeDistortionCurve
FNDA:2816,(anonymous_2)
FNDA:3,lightnessToFilterCutoff
FNDA:6,shapeTypeToWave
FNDA:0,getAudioContext
FNDA:0,getPulseWave
FNDA:0,createNoiseBuffer
FNDA:4,evalCurveAtBeat
FNDA:8,(anonymous_9)
FNDA:4,(anonymous_10)
FNDA:0,createVoice
FNDA:1,updateVoiceColor
FNDA:1,updateVoiceSize
FNDA:0,getVoiceAnalyser
FNDA:0,setVoiceDistortionBypass
FNDA:0,initAudioEngine
FNDA:0,(anonymous_17)
FNDA:0,(anonymous_18)
FNDA:0,(anonymous_19)
FNDA:0,(anonymous_20)
FNDA:0,(anonymous_21)
FNDA:0,(anonymous_22)
FNDA:0,(anonymous_23)
FNDA:0,destroy
FNDA:0,(anonymous_25)
DA:23,9
DA:24,9
DA:25,9
DA:26,9
DA:27,9
DA:28,9
DA:38,11
DA:39,11
DA:40,11
DA:44,11
DA:48,11
DA:50,11
DA:51,2816
DA:52,1280
DA:55,11
DA:56,2816
DA:59,2816
DA:60,2816
DA:61,2816
DA:65,2816
DA:66,2816
DA:68,2816
DA:71,11
DA:79,3
DA:80,3
DA:81,3
DA:82,3
DA:88,6
DA:89,1
DA:90,1
DA:91,1
DA:92,1
DA:93,1
DA:94,1
DA:117,1
DA:118,1
DA:119,1
DA:125,0
DA:126,0
DA:127,0
DA:128,0
DA:129,0
DA:130,0
DA:132,0
DA:133,0
DA:135,0
DA:142,1
DA:144,0
DA:145,0
DA:146,0
DA:147,0
DA:148,0
DA:149,0
DA:150,0
DA:151,0
DA:152,0
DA:154,0
DA:155,0
DA:162,0
DA:163,0
DA:164,0
DA:165,0
DA:166,0
DA:175,4
DA:176,4
DA:177,8
DA:178,4
DA:179,4
DA:180,4
DA:181,4
DA:182,4
DA:183,4
DA:184,4
DA:185,4
DA:186,4
DA:187,4
DA:190,4
DA:191,4
DA:192,4
DA:193,4
DA:194,4
DA:204,0
DA:205,0
DA:206,0
DA:208,0
DA:209,0
DA:210,0
DA:212,0
DA:213,0
DA:214,0
DA:215,0
DA:217,0
DA:221,0
DA:222,0
DA:223,0
DA:225,0
DA:226,0
DA:228,0
DA:230,0
DA:231,0
DA:232,0
DA:234,0
DA:235,0
DA:236,0
DA:238,0
DA:239,0
DA:240,0
DA:241,0
DA:242,0
DA:243,0
DA:246,0
DA:247,0
DA:248,0
DA:250,0
DA:251,0
DA:252,0
DA:253,0
DA:254,0
DA:255,0
DA:256,0
DA:257,0
DA:258,0
DA:259,0
DA:260,0
DA:261,0
DA:263,0
DA:264,0
DA:266,0
DA:267,0
DA:268,0
DA:269,0
DA:272,0
DA:274,0
DA:275,0
DA:277,0
DA:279,0
DA:281,0
DA:282,0
DA:283,0
DA:284,0
DA:285,0
DA:286,0
DA:287,0
DA:288,0
DA:290,0
DA:292,0
DA:293,0
DA:294,0
DA:295,0
DA:305,1
DA:306,1
DA:309,1
DA:312,0
DA:313,0
DA:321,0
DA:322,0
DA:326,0
DA:327,0
DA:335,1
DA:336,1
DA:337,1
DA:338,0
DA:339,0
DA:347,0
DA:359,0
DA:360,0
DA:361,0
DA:365,0
DA:366,0
DA:374,0
DA:375,0
DA:376,0
DA:377,0
DA:378,0
DA:379,0
DA:388,0
DA:389,0
DA:390,0
DA:391,0
DA:392,0
DA:397,0
DA:398,0
DA:399,0
DA:401,0
DA:404,0
DA:407,0
DA:408,0
DA:411,0
DA:412,0
DA:413,0
DA:414,0
DA:415,0
DA:416,0
DA:417,0
DA:418,0
DA:419,0
DA:420,0
DA:421,0
DA:422,0
DA:423,0
DA:424,0
DA:428,0
DA:429,0
DA:431,0
DA:436,0
DA:442,0
DA:443,0
DA:444,0
DA:445,0
DA:446,0
DA:448,0
DA:450,0
DA:451,0
DA:452,0
DA:453,0
DA:455,0
DA:456,0
DA:457,0
DA:460,0
DA:469,0
DA:470,0
DA:472,0
DA:473,0
DA:474,0
DA:477,0
DA:478,0
DA:479,0
DA:480,0
DA:481,0
DA:483,0
DA:484,0
DA:485,0
DA:486,0
DA:490,0
DA:496,0
DA:497,0
DA:498,0
DA:499,0
DA:509,0
DA:511,0
DA:512,0
DA:513,0
DA:514,0
DA:515,0
DA:517,0
DA:518,0
DA:520,0
DA:521,0
DA:522,0
DA:523,0
DA:524,0
DA:527,0
DA:528,0
DA:529,0
DA:530,0
DA:534,0
DA:537,0
DA:540,0
DA:545,0
DA:546,0
DA:551,0
DA:552,0
DA:553,0
DA:554,0
DA:556,0
DA:557,0
DA:558,0
DA:559,0
DA:562,0
DA:563,0
DA:564,0
DA:565,0
DA:566,0
DA:567,0
DA:568,0
LF:275
LH:62
BRDA:51,0,0,1536
BRDA:51,0,1,1280
BRDA:88,1,0,1
BRDA:88,1,1,1
BRDA:88,1,2,1
BRDA:88,1,3,1
BRDA:88,1,4,1
BRDA:88,1,5,1
BRDA:125,2,0,0
BRDA:125,2,1,0
BRDA:126,3,0,0
BRDA:126,3,1,0
BRDA:132,4,0,0
BRDA:132,4,1,0
BRDA:144,5,0,0
BRDA:144,5,1,0
BRDA:175,6,0,4
BRDA:175,6,1,0
BRDA:179,7,0,0
BRDA:179,7,1,4
BRDA:180,8,0,0
BRDA:180,8,1,4
BRDA:184,9,0,4
BRDA:184,9,1,0
BRDA:184,10,0,4
BRDA:184,10,1,4
BRDA:190,11,0,0
BRDA:190,11,1,4
BRDA:192,12,0,0
BRDA:192,12,1,4
BRDA:205,13,0,0
BRDA:205,13,1,0
BRDA:228,14,0,0
BRDA:228,14,1,0
BRDA:274,15,0,0
BRDA:274,15,1,0
BRDA:309,16,0,1
BRDA:309,16,1,0
BRDA:309,17,0,1
BRDA:309,17,1,0
BRDA:312,18,0,0
BRDA:312,18,1,0
BRDA:321,19,0,0
BRDA:321,19,1,0
BRDA:321,20,0,0
BRDA:321,20,1,0
BRDA:326,21,0,0
BRDA:326,21,1,0
BRDA:337,22,0,1
BRDA:337,22,1,0
BRDA:337,23,0,1
BRDA:337,23,1,0
BRDA:347,24,0,0
BRDA:347,24,1,0
BRDA:358,25,0,0
BRDA:358,26,0,0
BRDA:360,27,0,0
BRDA:360,27,1,0
BRDA:361,28,0,0
BRDA:361,28,1,0
BRDA:365,29,0,0
BRDA:365,29,1,0
BRDA:388,30,0,0
BRDA:388,30,1,0
BRDA:390,31,0,0
BRDA:390,31,1,0
BRDA:390,32,0,0
BRDA:390,32,1,0
BRDA:399,33,0,0
BRDA:399,33,1,0
BRDA:399,34,0,0
BRDA:399,34,1,0
BRDA:401,35,0,0
BRDA:401,35,1,0
BRDA:401,36,0,0
BRDA:401,36,1,0
BRDA:401,36,2,0
BRDA:407,37,0,0
BRDA:407,37,1,0
BRDA:411,38,0,0
BRDA:411,38,1,0
BRDA:413,39,0,0
BRDA:413,39,1,0
BRDA:413,40,0,0
BRDA:413,40,1,0
BRDA:419,41,0,0
BRDA:419,41,1,0
BRDA:421,42,0,0
BRDA:421,42,1,0
BRDA:428,43,0,0
BRDA:428,43,1,0
BRDA:428,44,0,0
BRDA:428,44,1,0
BRDA:443,45,0,0
BRDA:443,45,1,0
BRDA:445,46,0,0
BRDA:445,46,1,0
BRDA:446,47,0,0
BRDA:446,47,1,0
BRDA:452,48,0,0
BRDA:452,48,1,0
BRDA:474,49,0,0
BRDA:474,49,1,0
BRDA:477,50,0,0
BRDA:477,50,1,0
BRDA:479,51,0,0
BRDA:479,51,1,0
BRDA:484,52,0,0
BRDA:484,52,1,0
BRDA:496,53,0,0
BRDA:496,53,1,0
BRDA:498,54,0,0
BRDA:498,54,1,0
BRDA:513,55,0,0
BRDA:513,55,1,0
BRDA:515,56,0,0
BRDA:515,56,1,0
BRDA:522,57,0,0
BRDA:522,57,1,0
BRDA:524,58,0,0
BRDA:524,58,1,0
BRDA:527,59,0,0
BRDA:527,59,1,0
BRDA:534,60,0,0
BRDA:534,60,1,0
BRDA:537,61,0,0
BRDA:537,61,1,0
BRDA:540,62,0,0
BRDA:540,62,1,0
BRDA:545,63,0,0
BRDA:545,63,1,0
BRDA:545,64,0,0
BRDA:545,64,1,0
BRDA:545,64,2,0
BRDA:545,64,3,0
BRDA:554,65,0,0
BRDA:554,65,1,0
BRDA:558,66,0,0
BRDA:558,66,1,0
BRDA:565,67,0,0
BRDA:565,67,1,0
BRF:141
BRH:20
end_of_record
TN:
SF:src\engine\beatClock.ts
FN:8,markPlaybackStart
FN:12,getCurrentBeat
FNF:2
FNH:0
FNDA:0,markPlaybackStart
FNDA:0,getCurrentBeat
DA:6,1
DA:9,0
DA:13,0
LF:3
LH:1
BRF:0
BRH:0
end_of_record
TN:
SF:src\store\animationStore.ts
FN:34,(anonymous_0)
FN:37,(anonymous_1)
FN:38,(anonymous_2)
FN:48,(anonymous_3)
FN:49,(anonymous_4)
FN:61,(anonymous_5)
FN:62,(anonymous_6)
FN:70,(anonymous_7)
FNF:8
FNH:1
FNDA:1,(anonymous_0)
FNDA:0,(anonymous_1)
FNDA:0,(anonymous_2)
FNDA:0,(anonymous_3)
FNDA:0,(anonymous_4)
FNDA:0,(anonymous_5)
FNDA:0,(anonymous_6)
FNDA:0,(anonymous_7)
DA:34,1
DA:38,0
DA:49,0
DA:50,0
DA:51,0
DA:52,0
DA:53,0
DA:62,0
DA:63,0
DA:64,0
DA:65,0
DA:70,1
LF:12
LH:2
BRDA:51,0,0,0
BRDA:51,0,1,0
BRDA:63,1,0,0
BRDA:63,1,1,0
BRF:4
BRH:0
end_of_record
TN:
SF:src\store\playbackStore.ts
FN:23,computeLfoHz
FN:36,(anonymous_1)
FN:40,(anonymous_2)
FN:41,(anonymous_3)
FN:42,(anonymous_4)
FN:46,(anonymous_5)
FNF:6
FNH:1
FNDA:0,computeLfoHz
FNDA:1,(anonymous_1)
FNDA:0,(anonymous_2)
FNDA:0,(anonymous_3)
FNDA:0,(anonymous_4)
FNDA:0,(anonymous_5)
DA:24,0
DA:36,1
DA:40,0
DA:41,0
DA:42,0
DA:46,1
LF:6
LH:2
BRF:0
BRH:0
end_of_record
TN:
SF:src\store\shapeStore.ts
FN:38,(anonymous_0)
FN:40,(anonymous_1)
FN:41,(anonymous_2)
FN:42,(anonymous_3)
FN:56,(anonymous_4)
FN:57,(anonymous_5)
FN:58,(anonymous_6)
FN:65,(anonymous_7)
FN:66,(anonymous_8)
FN:67,(anonymous_9)
FN:77,(anonymous_10)
FNF:11
FNH:1
FNDA:1,(anonymous_0)
FNDA:0,(anonymous_1)
FNDA:0,(anonymous_2)
FNDA:0,(anonymous_3)
FNDA:0,(anonymous_4)
FNDA:0,(anonymous_5)
FNDA:0,(anonymous_6)
FNDA:0,(anonymous_7)
FNDA:0,(anonymous_8)
FNDA:0,(anonymous_9)
FNDA:0,(anonymous_10)
DA:36,1
DA:38,1
DA:41,0
DA:42,0
DA:43,0
DA:45,0
DA:46,0
DA:57,0
DA:58,0
DA:59,0
DA:60,0
DA:61,0
DA:62,0
DA:66,0
DA:67,0
DA:68,0
DA:69,0
DA:77,1
LF:18
LH:3
BRDA:43,0,0,0
BRDA:43,0,1,0
BRDA:45,1,0,0
BRDA:45,1,1,0
BRDA:58,2,0,0
BRDA:58,2,1,0
BRDA:59,3,0,0
BRDA:59,3,1,0
BRDA:68,4,0,0
BRDA:68,4,1,0
BRF:10
BRH:0
end_of_record
